2026/01/03 00:50:33 github.com/testcontainers/testcontainers-go - Connected to docker: 
  Server Version: 24.0.2
  API Version: 1.43
  Operating System: Docker Desktop
  Total Memory: 3933 MB
  Testcontainers for Go Version: v0.40.0
  Resolved Docker Host: unix:///Users/mrb/.docker/run/docker.sock
  Resolved Docker Socket Path: /var/run/docker.sock
  Test SessionID: 73654af63440a442b22929b4474ff35688f094fb0386f80237c0206e3162f5ab
  Test ProcessID: 12431fa3-d3e9-4e42-a4a9-4257f2ebe6df
2026/01/03 00:50:33 🐳 Creating container for image postgres:15-alpine
2026/01/03 00:50:33 🐳 Creating container for image testcontainers/ryuk:0.13.0
2026/01/03 00:50:33 ✅ Container created: 9e7daca45488
2026/01/03 00:50:33 🐳 Starting container: 9e7daca45488
2026/01/03 00:50:34 ✅ Container started: 9e7daca45488
2026/01/03 00:50:34 ⏳ Waiting for container id 9e7daca45488 image: testcontainers/ryuk:0.13.0. Waiting for: port 8080/tcp to be listening
2026/01/03 00:50:34 Shell not executable in container, only external port validated
2026/01/03 00:50:34 🔔 Container is ready: 9e7daca45488
2026/01/03 00:50:34 ✅ Container created: d3063bac9b40
2026/01/03 00:50:34 🐳 Starting container: d3063bac9b40
2026/01/03 00:50:35 ✅ Container started: d3063bac9b40
2026/01/03 00:50:35 🔔 Container is ready: d3063bac9b40
2026/01/03 00:50:35 Database URL: postgres://postgres:postgres@localhost:32837/postgres?sslmode=disable
2026/01/03 00:50:37 Running migrations from: /Users/mrb/Downloads/go-clean-template-master/migrations/postgres
2026/01/03 00:50:37 OK    20260101000000_init_schema.sql
2026/01/03 00:50:37 OK    20260101010000_seed_data.sql
2026/01/03 00:50:37 OK    20260101020000_create_audit_log.sql
2026/01/03 00:50:37 OK    20260101030000_create_endpoint_history.sql
2026/01/03 00:50:37 OK    20260101040000_create_system_errors.sql
2026/01/03 00:50:37 OK    20260101050000_create_function_metrics.sql
2026/01/03 00:50:37 goose: no migrations to run. current version: 20260101050000
2026/01/03 00:50:37 Migrations completed successfully
2026/01/03 00:50:37 PostgreSQL test container ready
2026/01/03 00:50:37 🐳 Creating container for image redis:7-alpine
2026/01/03 00:50:37 ✅ Container created: 5ad762f6c071
2026/01/03 00:50:37 🐳 Starting container: 5ad762f6c071
2026/01/03 00:50:37 ✅ Container started: 5ad762f6c071
2026/01/03 00:50:37 ⏳ Waiting for container id 5ad762f6c071 image: redis:7-alpine. Waiting for: log message "Ready to accept connections"
2026/01/03 00:50:37 🔔 Container is ready: 5ad762f6c071
2026/01/03 00:50:37 Redis address: localhost:32838
2026/01/03 00:50:37 Redis test container ready
2026/01/03 00:50:37 🐳 Creating container for image minio/minio:latest
2026/01/03 00:50:37 ✅ Container created: bbf718936759
2026/01/03 00:50:37 🐳 Starting container: bbf718936759
2026/01/03 00:50:38 ✅ Container started: bbf718936759
2026/01/03 00:50:38 ⏳ Waiting for container id bbf718936759 image: minio/minio:latest. Waiting for: all of: [HTTP GET request on port 9000 path "/minio/health/live"]
2026/01/03 00:50:38 🔔 Container is ready: bbf718936759
2026-01-03T00:50:38.753+0500	[34mINFO[0m	tracelog/tracelog.go:408	Connect	{"database": "postgres", "time": "17.212708ms", "pid": 61, "host": "localhost", "port": 32837}
2026-01-03T00:50:38.753+0500	[34mINFO[0m	tracelog/tracelog.go:408	Connect	{"port": 32837, "database": "postgres", "time": "17.797584ms", "pid": 62, "host": "localhost"}
2026-01-03T00:50:38.753+0500	[35mDEBUG[0m	tracelog/tracelog.go:408	Acquire	{"time": "17.85325ms", "pid": 62}
2026-01-03T00:50:38.754+0500	[34mINFO[0m	tracelog/tracelog.go:408	Connect	{"host": "localhost", "port": 32837, "database": "postgres", "time": "18.479334ms", "pid": 63}
2026-01-03T00:50:38.754+0500	[35mDEBUG[0m	tracelog/tracelog.go:408	Release	{"pid": 62}
2026-01-03T00:50:38.754+0500	[34mINFO[0m	postgres/postgres.go:83	PostgreSQL connected successfully
2026-01-03T00:50:38.754+0500	[31mERROR[0m	tracelog/tracelog.go:297	Connect	{"time": "18.935333ms", "err": "failed to connect to `user=postgres database=postgres`:\n\t[::1]:32837 (localhost): failed SASL auth: context canceled\n\t127.0.0.1:32837 (localhost): dial error: dial tcp 127.0.0.1:32837: operation was canceled", "host": "localhost", "port": 32837, "database": "postgres"}
=== RUN   TestSession_ComprehensiveFlow
2026-01-03T00:50:38.754+0500	[35mDEBUG[0m	tracelog/tracelog.go:408	Acquire	{"time": "1.584µs", "pid": 62}
2026-01-03T00:50:38.785+0500	[34mINFO[0m	tracelog/tracelog.go:408	Query	{"pid": 62, "sql": "TRUNCATE TABLE users, session RESTART IDENTITY CASCADE", "args": [], "time": "30.744625ms", "commandTag": "TRUNCATE TABLE"}
2026-01-03T00:50:38.785+0500	[35mDEBUG[0m	tracelog/tracelog.go:408	Release	{"pid": 62}
[GIN-debug] [WARNING] Running in "debug" mode. Switch to "release" mode in production.
 - using env:	export GIN_MODE=release
 - using code:	gin.SetMode(gin.ReleaseMode)

[GIN-debug] GET    /metrics                  --> github.com/zsais/go-gin-prometheus.(*Prometheus).SetMetricsPath.prometheusHandler.func2 (6 handlers)
[GIN-debug] GET    /swagger/*any             --> gct/internal/controller/restapi.setupSwagger.func2 (7 handlers)
[GIN-debug] GET    /docs/proto               --> gct/internal/controller/restapi.setupProtoDocs.(*RouterGroup).StaticFile.func1 (6 handlers)
[GIN-debug] HEAD   /docs/proto               --> gct/internal/controller/restapi.setupProtoDocs.(*RouterGroup).StaticFile.func1 (6 handlers)
[GIN-debug] GET    /                         --> gct/internal/controller/restapi.setupRoot.func1 (6 handlers)
[GIN-debug] GET    /healthz                  --> gct/internal/controller/restapi.setupHealthCheck.func1 (6 handlers)
[GIN-debug] GET    /ping                     --> gct/internal/controller/restapi.setupHealthCheck.func2 (6 handlers)
[GIN-debug] POST   /api/v1/users/sign-in     --> gct/internal/controller/restapi/v1/user/client.ControllerI.SignIn-fm (7 handlers)
[GIN-debug] POST   /api/v1/users/sign-up     --> gct/internal/controller/restapi/v1/user/client.ControllerI.SignUp-fm (7 handlers)
[GIN-debug] POST   /api/v1/users/sign-out    --> gct/internal/controller/restapi/v1/user/client.ControllerI.SignOut-fm (8 handlers)
[GIN-debug] POST   /api/v1/users/            --> gct/internal/controller/restapi/v1/user/client.ControllerI.Create-fm (8 handlers)
[GIN-debug] GET    /api/v1/users/            --> gct/internal/controller/restapi/v1/user/client.ControllerI.Users-fm (8 handlers)
[GIN-debug] GET    /api/v1/users/:user_id    --> gct/internal/controller/restapi/v1/user/client.ControllerI.User-fm (8 handlers)
[GIN-debug] PATCH  /api/v1/users/:user_id    --> gct/internal/controller/restapi/v1/user/client.ControllerI.Update-fm (8 handlers)
[GIN-debug] DELETE /api/v1/users/:user_id    --> gct/internal/controller/restapi/v1/user/client.ControllerI.Delete-fm (8 handlers)
[GIN-debug] POST   /api/v1/sessions/         --> gct/internal/controller/restapi/v1/user/session.ControllerI.Create-fm (8 handlers)
[GIN-debug] GET    /api/v1/sessions/         --> gct/internal/controller/restapi/v1/user/session.ControllerI.Sessions-fm (8 handlers)
[GIN-debug] GET    /api/v1/sessions/:id      --> gct/internal/controller/restapi/v1/user/session.ControllerI.Session-fm (8 handlers)
[GIN-debug] PATCH  /api/v1/sessions/:id/activity --> gct/internal/controller/restapi/v1/user/session.ControllerI.UpdateActivity-fm (8 handlers)
[GIN-debug] DELETE /api/v1/sessions/:id      --> gct/internal/controller/restapi/v1/user/session.ControllerI.Delete-fm (8 handlers)
[GIN-debug] POST   /api/v1/sessions/revoke-all --> gct/internal/controller/restapi/v1/user/session.ControllerI.RevokeAll-fm (8 handlers)
[GIN-debug] DELETE /api/v1/sessions/device/:device_id --> gct/internal/controller/restapi/v1/user/session.ControllerI.RevokeByDevice-fm (8 handlers)
[GIN-debug] POST   /api/v1/files/upload/images --> gct/internal/controller/restapi/v1/minio.(*Controller).UploadImages-fm (8 handlers)
[GIN-debug] POST   /api/v1/files/upload/image --> gct/internal/controller/restapi/v1/minio.(*Controller).UploadImage-fm (8 handlers)
[GIN-debug] POST   /api/v1/files/upload/doc  --> gct/internal/controller/restapi/v1/minio.(*Controller).UploadDoc-fm (8 handlers)
[GIN-debug] POST   /api/v1/files/upload/video --> gct/internal/controller/restapi/v1/minio.(*Controller).UploadVideo-fm (8 handlers)
[GIN-debug] GET    /api/v1/files/download    --> gct/internal/controller/restapi/v1/minio.(*Controller).DownloadFile-fm (7 handlers)
[GIN-debug] POST   /api/v1/files/transfer    --> gct/internal/controller/restapi/v1/minio.(*Controller).TransferFile-fm (8 handlers)
[GIN-debug] POST   /api/v1/authz/roles       --> gct/internal/controller/restapi/v1/authz/role.ControllerI.Create-fm (9 handlers)
[GIN-debug] GET    /api/v1/authz/roles       --> gct/internal/controller/restapi/v1/authz/role.ControllerI.Gets-fm (9 handlers)
[GIN-debug] GET    /api/v1/authz/roles/:role_id --> gct/internal/controller/restapi/v1/authz/role.ControllerI.Get-fm (9 handlers)
[GIN-debug] PUT    /api/v1/authz/roles/:role_id --> gct/internal/controller/restapi/v1/authz/role.ControllerI.Update-fm (9 handlers)
[GIN-debug] DELETE /api/v1/authz/roles/:role_id --> gct/internal/controller/restapi/v1/authz/role.ControllerI.Delete-fm (9 handlers)
[GIN-debug] POST   /api/v1/authz/roles/:role_id/permissions/:perm_id --> gct/internal/controller/restapi/v1/authz/role.ControllerI.AddPermission-fm (9 handlers)
[GIN-debug] DELETE /api/v1/authz/roles/:role_id/permissions/:perm_id --> gct/internal/controller/restapi/v1/authz/role.ControllerI.RemovePermission-fm (9 handlers)
[GIN-debug] POST   /api/v1/authz/users/:user_id/roles/:role_id --> gct/internal/controller/restapi/v1/authz/role.ControllerI.Assign-fm (9 handlers)
[GIN-debug] POST   /api/v1/authz/permissions --> gct/internal/controller/restapi/v1/authz/permission.ControllerI.Create-fm (9 handlers)
[GIN-debug] GET    /api/v1/authz/permissions --> gct/internal/controller/restapi/v1/authz/permission.ControllerI.Gets-fm (9 handlers)
[GIN-debug] GET    /api/v1/authz/permissions/:perm_id --> gct/internal/controller/restapi/v1/authz/permission.ControllerI.Get-fm (9 handlers)
[GIN-debug] PUT    /api/v1/authz/permissions/:perm_id --> gct/internal/controller/restapi/v1/authz/permission.ControllerI.Update-fm (9 handlers)
[GIN-debug] DELETE /api/v1/authz/permissions/:perm_id --> gct/internal/controller/restapi/v1/authz/permission.ControllerI.Delete-fm (9 handlers)
[GIN-debug] POST   /api/v1/authz/permissions/:perm_id/scopes --> gct/internal/controller/restapi/v1/authz/permission.ControllerI.AssignScope-fm (9 handlers)
[GIN-debug] DELETE /api/v1/authz/permissions/:perm_id/scopes --> gct/internal/controller/restapi/v1/authz/permission.ControllerI.RemoveScope-fm (9 handlers)
[GIN-debug] POST   /api/v1/authz/scopes      --> gct/internal/controller/restapi/v1/authz/scope.ControllerI.Create-fm (9 handlers)
[GIN-debug] GET    /api/v1/authz/scopes      --> gct/internal/controller/restapi/v1/authz/scope.ControllerI.Gets-fm (9 handlers)
[GIN-debug] DELETE /api/v1/authz/scopes      --> gct/internal/controller/restapi/v1/authz/scope.ControllerI.Delete-fm (9 handlers)
[GIN-debug] GET    /api/v1/authz/scopes/detail --> gct/internal/controller/restapi/v1/authz/scope.ControllerI.Get-fm (9 handlers)
[GIN-debug] GET    /api/v1/audit/logs        --> gct/internal/controller/restapi/v1/audit/log.ControllerI.Gets-fm (7 handlers)
[GIN-debug] GET    /api/v1/audit/history     --> gct/internal/controller/restapi/v1/audit/history.ControllerI.Gets-fm (7 handlers)
[GIN-debug] GET    /admin/dashboard          --> gct/internal/web/admin.(*Handler).Dashboard-fm (8 handlers)
[GIN-debug] GET    /admin/users              --> gct/internal/web/admin.(*Handler).Users-fm (8 handlers)
[GIN-debug] GET    /admin/sessions           --> gct/internal/web/admin.(*Handler).Sessions-fm (8 handlers)
[GIN-debug] GET    /admin/rbac/roles         --> gct/internal/web/admin.(*Handler).Roles-fm (8 handlers)
[GIN-debug] GET    /admin/rbac/permissions   --> gct/internal/web/admin.(*Handler).Permissions-fm (8 handlers)
[GIN-debug] GET    /admin/rbac/scopes        --> gct/internal/web/admin.(*Handler).Scopes-fm (8 handlers)
[GIN-debug] GET    /admin/abac/policies      --> gct/internal/web/admin.(*Handler).Policies-fm (8 handlers)
[GIN-debug] GET    /admin/system-errors      --> gct/internal/web/admin.(*Handler).SystemErrors-fm (8 handlers)
[GIN-debug] GET    /admin/functions          --> gct/internal/web/admin.(*Handler).FunctionMetrics-fm (8 handlers)
[GIN-debug] GET    /admin/audit/logs         --> gct/internal/web/admin.(*Handler).AuditLogs-fm (8 handlers)
[GIN-debug] GET    /admin/audit/history      --> gct/internal/web/admin.(*Handler).EndpointHistory-fm (8 handlers)
[GIN-debug] GET    /admin/settings           --> gct/internal/web/admin.(*Handler).Settings-fm (8 handlers)
    session_flow_test.go:34: Route: GET /
    session_flow_test.go:34: Route: GET /api/v1/authz/roles
    session_flow_test.go:34: Route: GET /api/v1/authz/roles/:role_id
    session_flow_test.go:34: Route: GET /api/v1/authz/permissions
    session_flow_test.go:34: Route: GET /api/v1/authz/permissions/:perm_id
    session_flow_test.go:34: Route: GET /api/v1/authz/scopes
    session_flow_test.go:34: Route: GET /api/v1/authz/scopes/detail
    session_flow_test.go:34: Route: GET /api/v1/audit/logs
    session_flow_test.go:34: Route: GET /api/v1/audit/history
    session_flow_test.go:34: Route: GET /api/v1/users/
    session_flow_test.go:34: Route: GET /api/v1/users/:user_id
    session_flow_test.go:34: Route: GET /api/v1/sessions/
    session_flow_test.go:34: Route: GET /api/v1/sessions/:id
    session_flow_test.go:34: Route: GET /api/v1/files/download
    session_flow_test.go:34: Route: GET /admin/rbac/roles
    session_flow_test.go:34: Route: GET /admin/rbac/permissions
    session_flow_test.go:34: Route: GET /admin/rbac/scopes
    session_flow_test.go:34: Route: GET /admin/audit/logs
    session_flow_test.go:34: Route: GET /admin/audit/history
    session_flow_test.go:34: Route: GET /admin/abac/policies
    session_flow_test.go:34: Route: GET /admin/sessions
    session_flow_test.go:34: Route: GET /admin/settings
    session_flow_test.go:34: Route: GET /admin/system-errors
    session_flow_test.go:34: Route: GET /admin/dashboard
    session_flow_test.go:34: Route: GET /admin/users
    session_flow_test.go:34: Route: GET /admin/functions
    session_flow_test.go:34: Route: GET /metrics
    session_flow_test.go:34: Route: GET /swagger/*any
    session_flow_test.go:34: Route: GET /docs/proto
    session_flow_test.go:34: Route: GET /healthz
    session_flow_test.go:34: Route: GET /ping
    session_flow_test.go:34: Route: HEAD /docs/proto
    session_flow_test.go:34: Route: POST /api/v1/authz/roles
    session_flow_test.go:34: Route: POST /api/v1/authz/roles/:role_id/permissions/:perm_id
    session_flow_test.go:34: Route: POST /api/v1/authz/permissions
    session_flow_test.go:34: Route: POST /api/v1/authz/permissions/:perm_id/scopes
    session_flow_test.go:34: Route: POST /api/v1/authz/users/:user_id/roles/:role_id
    session_flow_test.go:34: Route: POST /api/v1/authz/scopes
    session_flow_test.go:34: Route: POST /api/v1/files/upload/image
    session_flow_test.go:34: Route: POST /api/v1/files/upload/images
    session_flow_test.go:34: Route: POST /api/v1/files/upload/doc
    session_flow_test.go:34: Route: POST /api/v1/files/upload/video
    session_flow_test.go:34: Route: POST /api/v1/files/transfer
    session_flow_test.go:34: Route: POST /api/v1/users/
    session_flow_test.go:34: Route: POST /api/v1/users/sign-in
    session_flow_test.go:34: Route: POST /api/v1/users/sign-up
    session_flow_test.go:34: Route: POST /api/v1/users/sign-out
    session_flow_test.go:34: Route: POST /api/v1/sessions/
    session_flow_test.go:34: Route: POST /api/v1/sessions/revoke-all
    session_flow_test.go:34: Route: PATCH /api/v1/users/:user_id
    session_flow_test.go:34: Route: PATCH /api/v1/sessions/:id/activity
    session_flow_test.go:34: Route: DELETE /api/v1/authz/roles/:role_id
    session_flow_test.go:34: Route: DELETE /api/v1/authz/roles/:role_id/permissions/:perm_id
    session_flow_test.go:34: Route: DELETE /api/v1/authz/permissions/:perm_id
    session_flow_test.go:34: Route: DELETE /api/v1/authz/permissions/:perm_id/scopes
    session_flow_test.go:34: Route: DELETE /api/v1/authz/scopes
    session_flow_test.go:34: Route: DELETE /api/v1/sessions/device/:device_id
    session_flow_test.go:34: Route: DELETE /api/v1/sessions/:id
    session_flow_test.go:34: Route: DELETE /api/v1/users/:user_id
    session_flow_test.go:34: Route: PUT /api/v1/authz/roles/:role_id
    session_flow_test.go:34: Route: PUT /api/v1/authz/permissions/:perm_id
=== RUN   TestSession_ComprehensiveFlow/Step_1:_SignUp
[GIN] 2026/01/03 - 00:50:38 | 404 |     221.166µs |       192.0.2.1 | POST     "/api/user/users/sign-up"
2026-01-03T00:50:38.791+0500	[35mDEBUG[0m	tracelog/tracelog.go:408	Acquire	{"time": "3.875µs", "pid": 62}
    session_flow_test.go:66: 
        	Error Trace:	/Users/mrb/Downloads/go-clean-template-master/test/e2e/flows/user/session/session_flow_test.go:66
        	            				/Users/mrb/Downloads/go-clean-template-master/test/e2e/flows/user/session/session_flow_test.go:146
        	Error:      	Not equal: 
        	            	expected: 201
        	            	actual  : 404
        	Test:       	TestSession_ComprehensiveFlow/Step_1:_SignUp
=== RUN   TestSession_ComprehensiveFlow/Step_2:_Login_Device_1
[GIN] 2026/01/03 - 00:50:38 | 404 |       18.75µs |       192.0.2.1 | POST     "/api/user/users/sign-in"
    session_flow_test.go:73: 
        	Error Trace:	/Users/mrb/Downloads/go-clean-template-master/test/e2e/flows/user/session/session_flow_test.go:73
        	            				/Users/mrb/Downloads/go-clean-template-master/test/e2e/flows/user/session/session_flow_test.go:146
        	Error:      	Not equal: 
        	            	expected: 200
        	            	actual  : 404
        	Test:       	TestSession_ComprehensiveFlow/Step_2:_Login_Device_1
=== RUN   TestSession_ComprehensiveFlow/Step_3:_Login_Device_2
2026-01-03T00:50:38.791+0500	[35mDEBUG[0m	tracelog/tracelog.go:408	Acquire	{"time": "1.666µs", "pid": 63}
[GIN] 2026/01/03 - 00:50:38 | 404 |      17.541µs |       192.0.2.1 | POST     "/api/user/users/sign-in"
    session_flow_test.go:87: 
        	Error Trace:	/Users/mrb/Downloads/go-clean-template-master/test/e2e/flows/user/session/session_flow_test.go:87
        	            				/Users/mrb/Downloads/go-clean-template-master/test/e2e/flows/user/session/session_flow_test.go:146
        	Error:      	Not equal: 
        	            	expected: 200
        	            	actual  : 404
        	Test:       	TestSession_ComprehensiveFlow/Step_3:_Login_Device_2
=== RUN   TestSession_ComprehensiveFlow/Step_4:_List_Sessions
[GIN] 2026/01/03 - 00:50:38 | 404 |      42.583µs |       192.0.2.1 | GET      "/api/user/sessions"
    session_flow_test.go:105: 
        	Error Trace:	/Users/mrb/Downloads/go-clean-template-master/test/e2e/flows/user/session/session_flow_test.go:105
        	            				/Users/mrb/Downloads/go-clean-template-master/test/e2e/flows/user/session/session_flow_test.go:146
        	Error:      	Not equal: 
2026-01-03T00:50:38.791+0500	[35mDEBUG[0m	tracelog/tracelog.go:408	Acquire	{"time": "1.542µs", "pid": 61}
        	            	expected: 200
        	            	actual  : 404
        	Test:       	TestSession_ComprehensiveFlow/Step_4:_List_Sessions
=== RUN   TestSession_ComprehensiveFlow/Step_5:_Revoke_Session_2
    session_flow_test.go:122: Skipping revoke specific session test as ID not captured
=== RUN   TestSession_ComprehensiveFlow/Step_6:_Revoke_All
[GIN] 2026/01/03 - 00:50:38 | 404 |      19.375µs |       192.0.2.1 | DELETE   "/api/user/sessions"
    session_flow_test.go:130: 
        	Error Trace:	/Users/mrb/Downloads/go-clean-template-master/test/e2e/flows/user/session/session_flow_test.go:130
        	            				/Users/mrb/Downloads/go-clean-template-master/test/e2e/flows/user/session/session_flow_test.go:146
        	Error:      	Not equal: 
        	            	expected: 200
        	            	actual  : 404
        	Test:       	TestSession_ComprehensiveFlow/Step_6:_Revoke_All
=== RUN   TestSession_ComprehensiveFlow/Step_7:_Verify_Token1_Invalid
2026-01-03T00:50:38.793+0500	[34mINFO[0m	tracelog/tracelog.go:408	Prepare	{"name": "stmtcache_38637b622d7cc1d0e9c2741b883873ffe4becbc5d786f8c8", "sql": "INSERT INTO endpoint_history (user_id,session_id,method,path,status_code,duration_ms,platform,ip_address,user_agent,permission,decision,request_id,rate_limited,response_size,error_message,created_at) VALUES ($1,$2,$3,$4,$5,$6,$7,$8,$9,$10,$11,$12,$13,$14,$15,$16)", "time": "2.079542ms", "alreadyPrepared": false, "pid": 62}
2026-01-03T00:50:38.794+0500	[34mINFO[0m	tracelog/tracelog.go:408	Prepare	{"time": "3.08375ms", "alreadyPrepared": false, "pid": 63, "name": "stmtcache_38637b622d7cc1d0e9c2741b883873ffe4becbc5d786f8c8", "sql": "INSERT INTO endpoint_history (user_id,session_id,method,path,status_code,duration_ms,platform,ip_address,user_agent,permission,decision,request_id,rate_limited,response_size,error_message,created_at) VALUES ($1,$2,$3,$4,$5,$6,$7,$8,$9,$10,$11,$12,$13,$14,$15,$16)"}
2026-01-03T00:50:38.794+0500	[34mINFO[0m	tracelog/tracelog.go:408	Prepare	{"name": "stmtcache_38637b622d7cc1d0e9c2741b883873ffe4becbc5d786f8c8", "sql": "INSERT INTO endpoint_history (user_id,session_id,method,path,status_code,duration_ms,platform,ip_address,user_agent,permission,decision,request_id,rate_limited,response_size,error_message,created_at) VALUES ($1,$2,$3,$4,$5,$6,$7,$8,$9,$10,$11,$12,$13,$14,$15,$16)", "time": "2.979084ms", "alreadyPrepared": false, "pid": 61}
2026-01-03T00:50:38.797+0500	[34mINFO[0m	tracelog/tracelog.go:408	Query	{"sql": "INSERT INTO endpoint_history (user_id,session_id,method,path,status_code,duration_ms,platform,ip_address,user_agent,permission,decision,request_id,rate_limited,response_size,error_message,created_at) VALUES ($1,$2,$3,$4,$5,$6,$7,$8,$9,$10,$11,$12,$13,$14,$15,$16)", "args": [null,null,"POST","/api/user/users/sign-up",404,0,null,"192.0.2.1","",null,null,null,false,-1,null,"2026-01-03T00:50:38.790907+05:00"], "time": "6.164625ms", "commandTag": "INSERT 0 1", "pid": 62}
2026-01-03T00:50:38.797+0500	[35mDEBUG[0m	tracelog/tracelog.go:408	Release	{"pid": 62}
2026-01-03T00:50:38.797+0500	[34mINFO[0m	tracelog/tracelog.go:408	Query	{"sql": "INSERT INTO endpoint_history (user_id,session_id,method,path,status_code,duration_ms,platform,ip_address,user_agent,permission,decision,request_id,rate_limited,response_size,error_message,created_at) VALUES ($1,$2,$3,$4,$5,$6,$7,$8,$9,$10,$11,$12,$13,$14,$15,$16)", "args": [null,null,"POST","/api/user/users/sign-in",404,0,null,"192.0.2.1","",null,null,null,false,-1,null,"2026-01-03T00:50:38.791333+05:00"], "time": "6.456125ms", "commandTag": "INSERT 0 1", "pid": 63}
2026-01-03T00:50:38.797+0500	[35mDEBUG[0m	tracelog/tracelog.go:408	Release	{"pid": 63}
2026-01-03T00:50:38.800+0500	[34mINFO[0m	tracelog/tracelog.go:408	Query	{"sql": "INSERT INTO endpoint_history (user_id,session_id,method,path,status_code,duration_ms,platform,ip_address,user_agent,permission,decision,request_id,rate_limited,response_size,error_message,created_at) VALUES ($1,$2,$3,$4,$5,$6,$7,$8,$9,$10,$11,$12,$13,$14,$15,$16)", "args": [null,null,"POST","/api/user/users/sign-in",404,0,null,"192.0.2.1","",null,null,null,false,-1,null,"2026-01-03T00:50:38.791416+05:00"], "time": "8.566875ms", "commandTag": "INSERT 0 1", "pid": 61}
2026-01-03T00:50:38.800+0500	[35mDEBUG[0m	tracelog/tracelog.go:408	Release	{"pid": 61}
[GIN] 2026/01/03 - 00:50:38 | 404 |      45.542µs |       192.0.2.1 | GET      "/api/user/sessions"
    session_flow_test.go:138: 
        	Error Trace:	/Users/mrb/Downloads/go-clean-template-master/test/e2e/flows/user/session/session_flow_test.go:138
        	            				/Users/mrb/Downloads/go-clean-template-master/test/e2e/flows/user/session/session_flow_test.go:146
        	Error:      	Not equal: 
        	            	expected: 401
        	            	actual  : 404
        	Test:       	TestSession_ComprehensiveFlow/Step_7:_Verify_Token1_Invalid
--- FAIL: TestSession_ComprehensiveFlow (0.05s)
    --- FAIL: TestSession_ComprehensiveFlow/Step_1:_SignUp (0.00s)
    --- FAIL: TestSession_ComprehensiveFlow/Step_2:_Login_Device_1 (0.00s)
    --- FAIL: TestSession_ComprehensiveFlow/Step_3:_Login_Device_2 (0.00s)
    --- FAIL: TestSession_ComprehensiveFlow/Step_4:_List_Sessions (0.00s)
    --- PASS: TestSession_ComprehensiveFlow/Step_5:_Revoke_Session_2 (0.00s)
    --- FAIL: TestSession_ComprehensiveFlow/Step_6:_Revoke_All (0.00s)
    --- FAIL: TestSession_ComprehensiveFlow/Step_7:_Verify_Token1_Invalid (0.01s)
FAIL
2026-01-03T00:50:38.801+0500	[35mDEBUG[0m	tracelog/tracelog.go:408	Acquire	{"time": "2.833µs", "pid": 61}
2026-01-03T00:50:38.802+0500	[31mERROR[0m	tracelog/tracelog.go:297	Connect	{"host": "localhost", "port": 32837, "database": "postgres", "time": "10.380541ms", "err": "failed to connect to `user=postgres database=postgres`:\n\t[::1]:32837 (localhost): failed SASL auth: context canceled\n\t127.0.0.1:32837 (localhost): dial error: dial tcp 127.0.0.1:32837: operation was canceled"}
2026-01-03T00:50:38.802+0500	[31mERROR[0m	tracelog/tracelog.go:297	Connect	{"host": "localhost", "port": 32837, "database": "postgres", "time": "10.509209ms", "err": "failed to connect to `user=postgres database=postgres`:\n\t[::1]:32837 (localhost): failed SASL auth: context canceled\n\t127.0.0.1:32837 (localhost): dial error: dial tcp 127.0.0.1:32837: operation was canceled"}
2026-01-03T00:50:38.802+0500	[31mERROR[0m	tracelog/tracelog.go:372	Acquire	{"err": "failed to connect to `user=postgres database=postgres`:\n\t[::1]:32837 (localhost): failed SASL auth: context canceled\n\t127.0.0.1:32837 (localhost): dial error: dial tcp 127.0.0.1:32837: operation was canceled", "time": "10.431916ms"}
2026-01-03T00:50:38.802+0500	[31mERROR[0m	tracelog/tracelog.go:372	Acquire	{"err": "failed to connect to `user=postgres database=postgres`:\n\t[::1]:32837 (localhost): failed SASL auth: context canceled\n\t127.0.0.1:32837 (localhost): dial error: dial tcp 127.0.0.1:32837: operation was canceled", "time": "10.58025ms"}
2026-01-03T00:50:38.802+0500	[31mERROR[0m	endpointHistory/create.go:15	endpoint history creation failed	{"error": "[2003] database operation failed: failed to connect to `user=postgres database=postgres`:\n\t[::1]:32837 (localhost): failed SASL auth: context canceled\n\t127.0.0.1:32837 (localhost): dial error: dial tcp 127.0.0.1:32837: operation was canceled"}
2026-01-03T00:50:38.802+0500	[31mERROR[0m	middleware/audit.go:90	failed to save endpoint history	{"error": "[3009] Repository error: [2003] database operation failed: failed to connect to `user=postgres database=postgres`:\n\t[::1]:32837 (localhost): failed SASL auth: context canceled\n\t127.0.0.1:32837 (localhost): dial error: dial tcp 127.0.0.1:32837: operation was canceled"}
2026-01-03T00:50:38.802+0500	[31mERROR[0m	endpointHistory/create.go:15	endpoint history creation failed	{"error": "[2003] database operation failed: failed to connect to `user=postgres database=postgres`:\n\t[::1]:32837 (localhost): failed SASL auth: context canceled\n\t127.0.0.1:32837 (localhost): dial error: dial tcp 127.0.0.1:32837: operation was canceled"}
2026-01-03T00:50:38.802+0500	[31mERROR[0m	middleware/audit.go:90	failed to save endpoint history	{"error": "[3009] Repository error: [2003] database operation failed: failed to connect to `user=postgres database=postgres`:\n\t[::1]:32837 (localhost): failed SASL auth: context canceled\n\t127.0.0.1:32837 (localhost): dial error: dial tcp 127.0.0.1:32837: operation was canceled"}
2026-01-03T00:50:38.803+0500	[34mINFO[0m	tracelog/tracelog.go:408	Query	{"time": "1.53575ms", "commandTag": "INSERT 0 1", "pid": 61, "sql": "INSERT INTO endpoint_history (user_id,session_id,method,path,status_code,duration_ms,platform,ip_address,user_agent,permission,decision,request_id,rate_limited,response_size,error_message,created_at) VALUES ($1,$2,$3,$4,$5,$6,$7,$8,$9,$10,$11,$12,$13,$14,$15,$16)", "args": [null,null,"GET","/api/user/sessions",404,0,null,"192.0.2.1","",null,null,null,false,-1,null,"2026-01-03T00:50:38.801759+05:00"]}
2026-01-03T00:50:38.803+0500	[35mDEBUG[0m	tracelog/tracelog.go:408	Release	{"pid": 61}
2026/01/03 00:50:38 🐳 Stopping container: d3063bac9b40
2026/01/03 00:50:38 ✅ Container stopped: d3063bac9b40
2026/01/03 00:50:38 🐳 Terminating container: d3063bac9b40
2026/01/03 00:50:39 🚫 Container terminated: d3063bac9b40
2026/01/03 00:50:39 🐳 Stopping container: 5ad762f6c071
2026/01/03 00:50:39 ✅ Container stopped: 5ad762f6c071
2026/01/03 00:50:39 🐳 Terminating container: 5ad762f6c071
2026/01/03 00:50:39 🚫 Container terminated: 5ad762f6c071
2026/01/03 00:50:39 🐳 Stopping container: bbf718936759
2026/01/03 00:50:39 ✅ Container stopped: bbf718936759
2026/01/03 00:50:39 🐳 Terminating container: bbf718936759
2026/01/03 00:50:40 🚫 Container terminated: bbf718936759
FAIL	gct/test/e2e/flows/user/session	9.670s
FAIL
